app/build/intermediates/aapt_proguard_file/debug/aapt_rules.txt
# Referenced at merged_manifests/debug/AndroidManifest.xml:53
-keep class androidx.core.app.CoreComponentFactory { <init>(); }
# Referenced at merged_manifests/debug/AndroidManifest.xml:403
-keep class androidx.room.MultiInstanceInvalidationService { <init>(); }
# Referenced at merged_manifests/debug/AndroidManifest.xml:285
-keep class androidx.startup.InitializationProvider { <init>(); }
# Referenced at merged_manifests/debug/AndroidManifest.xml:316
-keep class androidx.work.impl.background.systemalarm.ConstraintProxy$BatteryChargingProxy { <init>(); }
# Referenced at merged_manifests/debug/AndroidManifest.xml:326
-keep class androidx.work.impl.background.systemalarm.ConstraintProxy$BatteryNotLowProxy { <init>(); }
# Referenced at merged_manifests/debug/AndroidManifest.xml:346
-keep class androidx.work.impl.background.systemalarm.ConstraintProxy$NetworkStateProxy { <init>(); }
# Referenced at merged_manifests/debug/AndroidManifest.xml:336
-keep class androidx.work.impl.background.systemalarm.ConstraintProxy$StorageNotLowProxy { <init>(); }
# Referenced at merged_manifests/debug/AndroidManifest.xml:366
-keep class androidx.work.impl.background.systemalarm.ConstraintProxyUpdateReceiver { <init>(); }
# Referenced at merged_manifests/debug/AndroidManifest.xml:355
-keep class androidx.work.impl.background.systemalarm.RescheduleReceiver { <init>(); }
# Referenced at merged_manifests/debug/AndroidManifest.xml:294
-keep class androidx.work.impl.background.systemalarm.SystemAlarmService { <init>(); }
# Referenced at merged_manifests/debug/AndroidManifest.xml:299
-keep class androidx.work.impl.background.systemjob.SystemJobService { <init>(); }
# Referenced at merged_manifests/debug/AndroidManifest.xml:375
-keep class androidx.work.impl.diagnostics.DiagnosticsReceiver { <init>(); }
# Referenced at merged_manifests/debug/AndroidManifest.xml:305
-keep class androidx.work.impl.foreground.SystemForegroundService { <init>(); }
# Referenced at merged_manifests/debug/AndroidManifest.xml:311
-keep class androidx.work.impl.utils.ForceStopRunnable$BroadcastReceiver { <init>(); }
# Referenced at merged_manifests/debug/AndroidManifest.xml:94
-keep class com.emtvoinos.studentwork.BonusMiniGameActivity { <init>(); }
# Referenced at merged_manifests/debug/AndroidManifest.xml:92
-keep class com.emtvoinos.studentwork.GOActivity { <init>(); }
# Referenced at merged_manifests/debug/AndroidManifest.xml:75
-keep class com.emtvoinos.studentwork.MenuActivity { <init>(); }
# Referenced at merged_manifests/debug/AndroidManifest.xml:93
-keep class com.emtvoinos.studentwork.NewActivity { <init>(); }
# Referenced at merged_manifests/debug/AndroidManifest.xml:88
-keep class com.emtvoinos.studentwork.OnStartPlayActivity { <init>(); }
# Referenced at merged_manifests/debug/AndroidManifest.xml:66
-keep class com.emtvoinos.studentwork.PreviewActivity { <init>(); }
# Referenced at merged_manifests/debug/AndroidManifest.xml:87
-keep class com.emtvoinos.studentwork.StartMoneyActivity { <init>(); }
# Referenced at merged_manifests/debug/AndroidManifest.xml:205
-keep class com.facebook.CurrentAccessTokenExpirationBroadcastReceiver { <init>(); }
# Referenced at merged_manifests/debug/AndroidManifest.xml:177
-keep class com.facebook.CustomTabActivity { <init>(); }
# Referenced at merged_manifests/debug/AndroidManifest.xml:176
-keep class com.facebook.CustomTabMainActivity { <init>(); }
# Referenced at merged_manifests/debug/AndroidManifest.xml:172
-keep class com.facebook.FacebookActivity { <init>(); }
# Referenced at merged_manifests/debug/AndroidManifest.xml:100
-keep class com.facebook.FacebookContentProvider { <init>(); }
# Referenced at merged_manifests/debug/AndroidManifest.xml:200
-keep class com.facebook.internal.FacebookInitProvider { <init>(); }
# Referenced at merged_manifests/debug/AndroidManifest.xml:386
-keep class com.google.android.datatransport.runtime.backends.TransportBackendDiscovery { <init>(); }
# Referenced at merged_manifests/debug/AndroidManifest.xml:399
-keep class com.google.android.datatransport.runtime.scheduling.jobscheduling.AlarmManagerSchedulerBroadcastReceiver { <init>(); }
# Referenced at merged_manifests/debug/AndroidManifest.xml:393
-keep class com.google.android.datatransport.runtime.scheduling.jobscheduling.JobInfoSchedulerService { <init>(); }
# Referenced at merged_manifests/debug/AndroidManifest.xml:270
-keep class com.google.android.gms.common.api.GoogleApiActivity { <init>(); }
# Referenced at merged_manifests/debug/AndroidManifest.xml:243
-keep class com.google.firebase.components.ComponentDiscoveryService { <init>(); }
# Referenced at merged_manifests/debug/AndroidManifest.xml:261
-keep class com.google.firebase.iid.FirebaseInstanceIdReceiver { <init>(); }
# Referenced at merged_manifests/debug/AndroidManifest.xml:235
-keep class com.google.firebase.messaging.FirebaseMessagingService { <init>(); }
# Referenced at merged_manifests/debug/AndroidManifest.xml:275
-keep class com.google.firebase.provider.FirebaseInitProvider { <init>(); }
# Referenced at merged_manifests/debug/AndroidManifest.xml:223
-keep class com.just.agentweb.ActionActivity { <init>(); }
# Referenced at merged_manifests/debug/AndroidManifest.xml:213
-keep class com.just.agentweb.AgentWebFileProvider { <init>(); }
# Referenced at merged_manifests/debug/AndroidManifest.xml:156
-keep class com.onesignal.BootUpReceiver { <init>(); }
# Referenced at merged_manifests/debug/AndroidManifest.xml:105
-keep class com.onesignal.FCMBroadcastReceiver { <init>(); }
# Referenced at merged_manifests/debug/AndroidManifest.xml:135
-keep class com.onesignal.FCMIntentJobService { <init>(); }
# Referenced at merged_manifests/debug/AndroidManifest.xml:134
-keep class com.onesignal.FCMIntentService { <init>(); }
# Referenced at merged_manifests/debug/AndroidManifest.xml:141
-keep class com.onesignal.FocusDelaySyncJobService { <init>(); }
# Referenced at merged_manifests/debug/AndroidManifest.xml:138
-keep class com.onesignal.FocusDelaySyncService { <init>(); }
# Referenced at merged_manifests/debug/AndroidManifest.xml:117
-keep class com.onesignal.HmsMessageServiceOneSignal { <init>(); }
# Referenced at merged_manifests/debug/AndroidManifest.xml:155
-keep class com.onesignal.NotificationDismissReceiver { <init>(); }
# Referenced at merged_manifests/debug/AndroidManifest.xml:125
-keep class com.onesignal.NotificationOpenedActivityHMS { <init>(); }
# Referenced at merged_manifests/debug/AndroidManifest.xml:168
-keep class com.onesignal.NotificationOpenedReceiver { <init>(); }
# Referenced at merged_manifests/debug/AndroidManifest.xml:151
-keep class com.onesignal.PermissionsActivity { <init>(); }
# Referenced at merged_manifests/debug/AndroidManifest.xml:147
-keep class com.onesignal.SyncJobService { <init>(); }
# Referenced at merged_manifests/debug/AndroidManifest.xml:144
-keep class com.onesignal.SyncService { <init>(); }
# Referenced at merged_manifests/debug/AndroidManifest.xml:162
-keep class com.onesignal.UpgradeReceiver { <init>(); }
# Referenced at res/layout/abc_alert_dialog_button_bar_material.xml:43
# Referenced at res/layout/abc_alert_dialog_material.xml:52
# Referenced at res/layout/abc_alert_dialog_title_material.xml:57
-keep class android.widget.Space { <init>(...); }

# Referenced at res/layout/abc_select_dialog_material.xml:23
-keep class androidx.appcompat.app.AlertController$RecycleListView { <init>(...); }

# Referenced at res/layout/abc_action_menu_item_layout.xml:17
-keep class androidx.appcompat.view.menu.ActionMenuItemView { <init>(...); }

# Referenced at res/layout/abc_expanded_menu_layout.xml:17
-keep class androidx.appcompat.view.menu.ExpandedMenuView { <init>(...); }

# Referenced at res/layout/abc_cascading_menu_item_layout.xml:20
# Referenced at res/layout/abc_list_menu_item_layout.xml:17
# Referenced at res/layout/abc_popup_menu_item_layout.xml:17
-keep class androidx.appcompat.view.menu.ListMenuItemView { <init>(...); }

# Referenced at res/layout/abc_screen_toolbar.xml:27
-keep class androidx.appcompat.widget.ActionBarContainer { <init>(...); }

# Referenced at res/layout/abc_action_mode_bar.xml:19
# Referenced at res/layout/abc_screen_toolbar.xml:43
-keep class androidx.appcompat.widget.ActionBarContextView { <init>(...); }

# Referenced at res/layout/abc_screen_toolbar.xml:17
-keep class androidx.appcompat.widget.ActionBarOverlayLayout { <init>(...); }

# Referenced at res/layout/abc_action_menu_layout.xml:17
-keep class androidx.appcompat.widget.ActionMenuView { <init>(...); }

# Referenced at res/layout/abc_activity_chooser_view.xml:19
-keep class androidx.appcompat.widget.ActivityChooserView$InnerLayout { <init>(...); }

# Referenced at res/layout/abc_alert_dialog_material.xml:18
-keep class androidx.appcompat.widget.AlertDialogLayout { <init>(...); }

# Referenced at res/layout/com_facebook_device_auth_dialog_fragment.xml:45
# Referenced at res/layout/com_facebook_smart_device_dialog_fragment.xml:47
-keep class androidx.appcompat.widget.AppCompatImageView { <init>(...); }

# Referenced at res/layout/abc_alert_dialog_button_bar_material.xml:26
-keep class androidx.appcompat.widget.ButtonBarLayout { <init>(...); }

# Referenced at res/layout/abc_screen_content_include.xml:19
-keep class androidx.appcompat.widget.ContentFrameLayout { <init>(...); }

# Referenced at res/layout/abc_alert_dialog_title_material.xml:45
-keep class androidx.appcompat.widget.DialogTitle { <init>(...); }

# Referenced at res/layout/abc_screen_simple_overlay_action_mode.xml:23
-keep class androidx.appcompat.widget.FitWindowsFrameLayout { <init>(...); }

# Referenced at res/layout/abc_dialog_title_material.xml:22
# Referenced at res/layout/abc_screen_simple.xml:17
-keep class androidx.appcompat.widget.FitWindowsLinearLayout { <init>(...); }

# Referenced at res/layout/abc_search_view.xml:75
-keep class androidx.appcompat.widget.SearchView$SearchAutoComplete { <init>(...); }

# Referenced at res/layout/abc_screen_toolbar.xml:36
-keep class androidx.appcompat.widget.Toolbar { <init>(...); }

# Referenced at res/layout/abc_screen_simple.xml:25
# Referenced at res/layout/abc_screen_simple_overlay_action_mode.xml:32
-keep class androidx.appcompat.widget.ViewStubCompat { <init>(...); }

# Referenced at res/layout/browser_actions_context_menu_page.xml:5
-keep class androidx.browser.browseractions.BrowserActionsFallbackMenuView { <init>(...); }

# Referenced at res/layout/com_facebook_device_auth_dialog_fragment.xml:22
# Referenced at res/layout/com_facebook_smart_device_dialog_fragment.xml:22
-keep class androidx.cardview.widget.CardView { <init>(...); }

# Referenced at res/layout/activity_col.xml:2
# Referenced at res/layout/activity_gover.xml:2
# Referenced at res/layout/activity_mega.xml:2
# Referenced at res/layout/activity_menu.xml:2
# Referenced at res/layout/activity_mini.xml:2
# Referenced at res/layout-land/activity_play.xml:2
# Referenced at res/layout/activity_preview.xml:2
-keep class androidx.constraintlayout.widget.ConstraintLayout { <init>(...); }

# Referenced at res/layout/abc_alert_dialog_material.xml:41
-keep class androidx.core.widget.NestedScrollView { <init>(...); }

# Referenced at res/layout/activity_preview.xml:13
-keep class com.emtvoinos.studentwork.BounceLoadingView { <init>(...); }

# Referenced at res/layout/activity_gover.xml:37
# Referenced at res/layout-land/activity_play.xml:365
-keepclassmembers class * { *** onAddMoneyClicked(android.view.View); }

# Referenced at res/layout/activity_menu.xml:10
-keepclassmembers class * { *** onClickNewGameButton(android.view.View); }

# Referenced at res/layout-land/activity_play.xml:274
-keepclassmembers class * { *** onCollectButtonClicked(android.view.View); }

# Referenced at res/layout/activity_mega.xml:70
-keepclassmembers class * { *** onFiftyButtonClicked(android.view.View); }

# Referenced at res/layout/activity_mega.xml:25
-keepclassmembers class * { *** onFiveButtonClicked(android.view.View); }

# Referenced at res/layout-land/activity_play.xml:307
-keepclassmembers class * { *** onHold1ButtonClicked(android.view.View); }

# Referenced at res/layout-land/activity_play.xml:326
-keepclassmembers class * { *** onHold2ButtonClicked(android.view.View); }

# Referenced at res/layout-land/activity_play.xml:346
-keepclassmembers class * { *** onHold3ButtonClicked(android.view.View); }

# Referenced at res/layout-land/activity_play.xml:385
-keepclassmembers class * { *** onNudge1Clicked(android.view.View); }

# Referenced at res/layout-land/activity_play.xml:403
-keepclassmembers class * { *** onNudge2Clicked(android.view.View); }

# Referenced at res/layout-land/activity_play.xml:424
-keepclassmembers class * { *** onNudge3Clicked(android.view.View); }

# Referenced at res/layout/activity_col.xml:56
-keepclassmembers class * { *** onPlayAgainClicked(android.view.View); }

# Referenced at res/layout/activity_gover.xml:54
-keepclassmembers class * { *** onQuitClicked(android.view.View); }

# Referenced at res/layout-land/activity_play.xml:233
-keepclassmembers class * { *** onSpinButtonClicked(android.view.View); }

# Referenced at res/layout/activity_mega.xml:38
-keepclassmembers class * { *** onTenButtonClicked(android.view.View); }

# Referenced at res/layout/activity_mini.xml:94
-keepclassmembers class * { *** onTree1Clicked(android.view.View); }

# Referenced at res/layout/activity_mini.xml:133
-keepclassmembers class * { *** onTree2Clicked(android.view.View); }

# Referenced at res/layout/activity_mini.xml:114
-keepclassmembers class * { *** onTree3Clicked(android.view.View); }

# Referenced at res/layout/activity_mega.xml:54
-keepclassmembers class * { *** onTwentyButtonClicked(android.view.View); }