app/build/outputs/mapping/debug/seeds.txt
com.emtvoinos.studentwork.StartMoneyActivity: void onTenButtonClicked(android.view.View)
com.emtvoinos.studentwork.OnStartPlayActivity: void onSpinButtonClicked(android.view.View)
com.emtvoinos.studentwork.NewActivity
com.emtvoinos.studentwork.BonusMiniGameActivity: void onTree1Clicked(android.view.View)
com.emtvoinos.studentwork.OnStartPlayActivity: void onHold1ButtonClicked(android.view.View)
com.emtvoinos.studentwork.GOActivity: GOActivity()
com.emtvoinos.studentwork.PreviewActivity
com.emtvoinos.studentwork.BonusMiniGameActivity: void onTree2Clicked(android.view.View)
com.emtvoinos.studentwork.BounceLoadingView: BounceLoadingView(android.content.Context)
com.emtvoinos.studentwork.OnStartPlayActivity: void onCollectButtonClicked(android.view.View)
com.emtvoinos.studentwork.BounceLoadingView: BounceLoadingView(android.content.Context,android.util.AttributeSet,int,int)
com.emtvoinos.studentwork.OnStartPlayActivity: void onNudge2Clicked(android.view.View)
com.emtvoinos.studentwork.BounceLoadingView: void setShadowColor(int)
com.emtvoinos.studentwork.BonusMiniGameActivity: void onTree3Clicked(android.view.View)
com.emtvoinos.studentwork.GOActivity: void onQuitClicked(android.view.View)
com.emtvoinos.studentwork.Symbols: com.emtvoinos.studentwork.Symbols[] values()
com.emtvoinos.studentwork.StartMoneyActivity: void onFiveButtonClicked(android.view.View)
com.emtvoinos.studentwork.GOActivity
com.emtvoinos.studentwork.MenuActivity
com.emtvoinos.studentwork.BounceLoadingView: void setDuration(int)
com.emtvoinos.studentwork.OnStartPlayActivity: void onNudge3Clicked(android.view.View)
com.emtvoinos.studentwork.OnStartPlayActivity: void onHold3ButtonClicked(android.view.View)
com.emtvoinos.studentwork.NewActivity: void onPlayAgainClicked(android.view.View)
com.emtvoinos.studentwork.BounceLoadingView
com.emtvoinos.studentwork.StartMoneyActivity: void onTwentyButtonClicked(android.view.View)
com.emtvoinos.studentwork.StartMoneyActivity: void onFiftyButtonClicked(android.view.View)
com.emtvoinos.studentwork.OnStartPlayActivity: void onAddMoneyClicked(android.view.View)
com.emtvoinos.studentwork.NewActivity: NewActivity()
com.emtvoinos.studentwork.OnStartPlayActivity: void onHold2ButtonClicked(android.view.View)
com.emtvoinos.studentwork.BounceLoadingView: BounceLoadingView(android.content.Context,android.util.AttributeSet,int)
com.emtvoinos.studentwork.MenuActivity: void onClickNewGameButton(android.view.View)
com.emtvoinos.studentwork.BounceLoadingView: BounceLoadingView(android.content.Context,android.util.AttributeSet)
com.emtvoinos.studentwork.GOActivity: void onAddMoneyClicked(android.view.View)
com.emtvoinos.studentwork.Symbols: com.emtvoinos.studentwork.Symbols valueOf(java.lang.String)
com.emtvoinos.studentwork.PreviewActivity: PreviewActivity()
com.emtvoinos.studentwork.StartMoneyActivity: StartMoneyActivity()
com.emtvoinos.studentwork.MenuActivity: MenuActivity()
com.emtvoinos.studentwork.BonusMiniGameActivity: BonusMiniGameActivity()
com.emtvoinos.studentwork.OnStartPlayActivity: OnStartPlayActivity()
com.emtvoinos.studentwork.OnStartPlayActivity
com.emtvoinos.studentwork.OnStartPlayActivity: void onNudge1Clicked(android.view.View)
com.emtvoinos.studentwork.BonusMiniGameActivity
com.emtvoinos.studentwork.StartMoneyActivity
...
com.appsflyer.R$styleable: int Toolbar_android_minHeight
androidx.appcompat.R$styleable: int ActionBar_contentInsetEnd
com.appsflyer.oaid.R$style: int Widget_AppCompat_CompoundButton_CheckBox
com.appsflyer.R$dimen: int abc_switch_padding
com.appsflyer.R$styleable: int CoordinatorLayout_statusBarBackground
com.appsflyer.R$color: int secondary_text_disabled_material_dark
androidx.constraintlayout.widget.R$styleable: int DrawerArrowToggle_thickness
androidx.appcompat.R$attr: int buttonBarNegativeButtonStyle
androidx.constraintlayout.widget.R$styleable: int OnSwipe_touchAnchorSide
androidx.constraintlayout.widget.R$styleable: int Variant_constraints
com.appsflyer.internal.w
androidx.appcompat.R$dimen: int abc_action_bar_subtitle_top_margin_material
androidx.vectordrawable.graphics.drawable.VectorDrawableCompat$VFullPath: float getTrimPathEnd()
com.facebook.common.R$drawable: int abc_ic_clear_material
com.appsflyer.oaid.R$dimen: int notification_big_circle_margin
com.onesignal.R$layout: int support_simple_spinner_dropdown_item
com.appsflyer.AFSensorManager$1
androidx.constraintlayout.widget.Guideline: void setGuidelineBegin(int)
com.onesignal.R$id: int accessibility_custom_action_26
com.appsflyer.R$attr: int progressBarStyle
com.appsflyer.R$styleable: int AppCompatTheme_actionOverflowButtonStyle
com.appsflyer.AppsFlyerProperties: java.lang.String DEVICE_TRACKING_DISABLED
androidx.appcompat.R$style: int Base_TextAppearance_AppCompat_Small
androidx.work.impl.foreground.SystemForegroundService: SystemForegroundService()
androidx.constraintlayout.widget.R$styleable: int Spinner_android_dropDownWidth
androidx.appcompat.R$styleable: int ActionBar_subtitleTextStyle
com.appsflyer.R$styleable: int MenuView_preserveIconSpacing
androidx.appcompat.R$styleable: int AppCompatTheme_colorPrimary
com.appsflyer.AFDeepLinkManager: void collectIntentsFromActivities(android.content.Intent)
androidx.appcompat.R$dimen: int compat_button_inset_horizontal_material
androidx.appcompat.R$style: int Base_TextAppearance_AppCompat_Light_Widget_PopupMenu_Large
androidx.appcompat.R$dimen: int abc_control_padding_material
com.facebook.common.R$style: int Base_Widget_AppCompat_ActionBar_TabBar
com.appsflyer.oaid.R$styleable: int LinearLayoutCompat_Layout_android_layout_width
com.appsflyer.AppsFlyerLib: void setOneLinkCustomDomain(java.lang.String[])
com.appsflyer.R$style: int Widget_AppCompat_Light_ActionMode_Inverse
com.appsflyer.oaid.R$styleable: int AppCompatTheme_listPreferredItemPaddingRight
com.appsflyer.oaid.R$string: int abc_action_bar_home_description
androidx.constraintlayout.widget.R$styleable: int GradientColorItem_android_color
com.appsflyer.oaid.R$attr: int fontProviderFetchStrategy
com.appsflyer.R$layout
androidx.core.widget.NestedScrollView: int getMaxScrollAmount()
androidx.appcompat.R$style: int Base_TextAppearance_AppCompat_Widget_ActionBar_Title
androidx.appcompat.R$styleable: int ActionBar_contentInsetEndWithActions
androidx.constraintlayout.widget.R$styleable: int KeyCycle_waveOffset
com.onesignal.R$string: int abc_searchview_description_search
androidx.core.R$dimen: int notification_subtext_size
com.appsflyer.R$style: int TextAppearance_AppCompat_SearchResult_Subtitle
androidx.appcompat.view.menu.ActionMenuItemView
androidx.constraintlayout.widget.R$styleable: int[] MenuGroup
androidx.constraintlayout.widget.R$id: int uniform
com.appsflyer.internal.aa: void Ɩ()
androidx.appcompat.R$style: int Base_TextAppearance_Widget_AppCompat_Toolbar_Title
com.appsflyer.oaid.R$style: int Widget_AppCompat_DropDownItem_Spinner
com.appsflyer.AFExecutor
androidx.appcompat.R$string: int abc_action_bar_home_description
androidx.constraintlayout.widget.R$styleable: int SearchView_suggestionRowLayout
com.appsflyer.R$style: int Base_V7_ThemeOverlay_AppCompat_Dialog
com.appsflyer.internal.referrer.Payload: java.lang.String RESPONSE_OK
com.appsflyer.R$styleable: int TextAppearance_fontVariationSettings