app/build/outputs/mapping/debug/mapping.txt
# compiler: R8
# compiler_version: 1.6.82
# min_api: 23
# pg_map_id: 684599f
# common_typos_disable
com.emtvoinos.studentwork.BonusMiniGame -> c.a.a.a:
    java.util.ArrayList game -> a
    11:15:void <init>() -> <init>
    28:28:java.lang.String getPosition1() -> a
    32:32:java.lang.String getPosition2() -> b
    36:36:java.lang.String getPosition3() -> c
    18:21:void initiate() -> d
    24:25:void shuffle() -> e
com.emtvoinos.studentwork.BonusMiniGameActivity -> com.emtvoinos.studentwork.BonusMiniGameActivity:
    android.widget.ImageView result2 -> v
    android.content.Intent win -> x
    android.widget.ImageButton tree1 -> r
    android.widget.ImageView result3 -> w
    android.widget.ImageButton tree2 -> s
    com.emtvoinos.studentwork.BonusMiniGame bonusMiniGame -> q
    android.widget.ImageButton tree3 -> t
    android.widget.ImageView result1 -> u
    android.content.Intent lose -> y
    12:12:void <init>() -> <init>
    12:12:android.content.Intent access$000(com.emtvoinos.studentwork.BonusMiniGameActivity) -> a
    12:12:android.content.Intent access$100(com.emtvoinos.studentwork.BonusMiniGameActivity) -> b
    26:52:void onCreate(android.os.Bundle) -> onCreate
    67:86:void onTree1Clicked(android.view.View) -> onTree1Clicked
    89:108:void onTree2Clicked(android.view.View) -> onTree2Clicked
    111:130:void onTree3Clicked(android.view.View) -> onTree3Clicked
    55:58:void setAllTreesInvisible() -> r
    61:64:void setResultsVisible() -> s
com.emtvoinos.studentwork.BonusMiniGameActivity$1 -> com.emtvoinos.studentwork.BonusMiniGameActivity$a:
    com.emtvoinos.studentwork.BonusMiniGameActivity this$0 -> b
    71:71:void <init>(com.emtvoinos.studentwork.BonusMiniGameActivity) -> <init>
    74:75:void run() -> run
com.emtvoinos.studentwork.BonusMiniGameActivity$2 -> com.emtvoinos.studentwork.BonusMiniGameActivity$b:
    com.emtvoinos.studentwork.BonusMiniGameActivity this$0 -> b
    79:79:void <init>(com.emtvoinos.studentwork.BonusMiniGameActivity) -> <init>
    82:83:void run() -> run
com.emtvoinos.studentwork.BonusMiniGameActivity$3 -> com.emtvoinos.studentwork.BonusMiniGameActivity$c:
    com.emtvoinos.studentwork.BonusMiniGameActivity this$0 -> b
    93:93:void <init>(com.emtvoinos.studentwork.BonusMiniGameActivity) -> <init>
    96:97:void run() -> run
com.emtvoinos.studentwork.BonusMiniGameActivity$4 -> com.emtvoinos.studentwork.BonusMiniGameActivity$d:
    com.emtvoinos.studentwork.BonusMiniGameActivity this$0 -> b
    101:101:void <init>(com.emtvoinos.studentwork.BonusMiniGameActivity) -> <init>
    104:105:void run() -> run
com.emtvoinos.studentwork.BonusMiniGameActivity$5 -> com.emtvoinos.studentwork.BonusMiniGameActivity$e:
    com.emtvoinos.studentwork.BonusMiniGameActivity this$0 -> b
    115:115:void <init>(com.emtvoinos.studentwork.BonusMiniGameActivity) -> <init>
    118:119:void run() -> run
com.emtvoinos.studentwork.BonusMiniGameActivity$6 -> com.emtvoinos.studentwork.BonusMiniGameActivity$f:
    com.emtvoinos.studentwork.BonusMiniGameActivity this$0 -> b
    123:123:void <init>(com.emtvoinos.studentwork.BonusMiniGameActivity) -> <init>
    126:127:void run() -> run
...
com.google.zxing.aztec.encoder.State -> c.c.d.i.b.f:
    com.google.zxing.aztec.encoder.State INITIAL_STATE -> e
    int bitCount -> d
    com.google.zxing.aztec.encoder.Token token -> b
    int binaryShiftByteCount -> c
    int mode -> a
    30:30:void <clinit>() -> <clinit>
    44:55:void <init>(com.google.zxing.aztec.encoder.Token,int,int,int) -> <init>
    66:66:int getBinaryShiftByteCount() -> a
    77:86:com.google.zxing.aztec.encoder.State latchAndAppend(int,int) -> a
    104:122:com.google.zxing.aztec.encoder.State addBinaryShiftChar(int) -> a
    140:145:boolean isBetterThanOrEqualTo(com.google.zxing.aztec.encoder.State) -> a
    151:161:com.google.zxing.common.BitArray toBitArray(byte[]) -> a
    70:70:int getBitCount() -> b
    93:98:com.google.zxing.aztec.encoder.State shiftAndAppend(int,int) -> b
    128:134:com.google.zxing.aztec.encoder.State endBinaryShift(int) -> b
    58:58:int getMode() -> c
    166:166:java.lang.String toString() -> toString
com.google.zxing.aztec.encoder.Token -> c.c.d.i.b.g:
    com.google.zxing.aztec.encoder.Token EMPTY -> b
    com.google.zxing.aztec.encoder.Token previous -> a
    23:23:void <clinit>() -> <clinit>
    27:29:void <init>(com.google.zxing.aztec.encoder.Token) -> <init>
    void appendTo(com.google.zxing.common.BitArray,byte[]) -> a
    32:32:com.google.zxing.aztec.encoder.Token getPrevious() -> a
    36:36:com.google.zxing.aztec.encoder.Token add(int,int) -> a
    41:41:com.google.zxing.aztec.encoder.Token addBinaryShift(int,int) -> b
com.google.zxing.common.BitArray -> c.c.d.j.a:
    int[] bits -> b
    int size -> c
    31:34:void <init>() -> <init>
    42:45:void <init>(int[],int) -> <init>
    48:48:int getSize() -> a
    56:61:void ensureCapacity(int) -> a
    217:222:void appendBit(boolean) -> a
    233:234:void appendBits(int,int) -> a
    243:248:void appendBitArray(com.google.zxing.common.BitArray) -> a
    270:280:void toBytes(int,byte[],int,int) -> a
    52:52:int getSizeInBytes() -> b
    68:68:boolean get(int) -> b
    251:252:void xor(com.google.zxing.common.BitArray) -> b
    323:323:int[] makeArray(int) -> c
    26:26:java.lang.Object clone() -> clone
    354:354:com.google.zxing.common.BitArray clone() -> clone
    328:332:boolean equals(java.lang.Object) -> equals
    337:337:int hashCode() -> hashCode
    342:349:java.lang.String toString() -> toString
com.google.zxing.common.BitMatrix -> c.c.d.j.b:
    int[] bits -> e
    int rowSize -> d
    int width -> b
    int height -> c
    49:50:void <init>(int) -> <init>
    58:60:void <init>(int,int) -> <init>
    68:73:void <init>(int,int,int,int[]) -> <init>
    161:162:boolean get(int,int) -> a
    217:221:void clear() -> a
    232:233:void setRegion(int,int,int,int) -> a
    450:450:java.lang.String toString(java.lang.String,java.lang.String) -> a
    466:473:java.lang.String buildToString(java.lang.String,java.lang.String,java.lang.String) -> a
    172:174:void set(int,int) -> b
    406:406:int getHeight() -> b
    399:399:int getWidth() -> c
    36:36:java.lang.Object clone() -> clone
    478:478:com.google.zxing.common.BitMatrix clone() -> clone
    418:422:boolean equals(java.lang.Object) -> equals
    428:433:int hashCode() -> hashCode
    441:441:java.lang.String toString() -> toString