app/build/outputs/mapping/debug/usage.txt
com.emtvoinos.studentwork.StMachine:
    public int countSlots()
com.emtvoinos.studentwork.R$array
com.emtvoinos.studentwork.R$drawable
com.emtvoinos.studentwork.R$interpolator
com.emtvoinos.studentwork.R$style
com.emtvoinos.studentwork.BounceLoadingView:
    public void addBitmaps(java.util.ArrayList)
    private static final int SHADOW_COLOR
    private static final int DEFAULT_DURATION
com.emtvoinos.studentwork.R$dimen
com.emtvoinos.studentwork.R
com.emtvoinos.studentwork.R$string
com.emtvoinos.studentwork.R$bool
com.emtvoinos.studentwork.R$attr
com.emtvoinos.studentwork.R$raw
com.emtvoinos.studentwork.R$styleable
com.emtvoinos.studentwork.R$id
com.emtvoinos.studentwork.Wheel:
    private java.lang.String getSymbolImage(com.emtvoinos.studentwork.Symbols)
    public java.lang.String getSymbolImageAtIndex(int)
com.emtvoinos.studentwork.R$font
com.emtvoinos.studentwork.R$layout
com.emtvoinos.studentwork.R$integer
com.emtvoinos.studentwork.R$xml
com.emtvoinos.studentwork.R$mipmap
com.emtvoinos.studentwork.R$anim
com.emtvoinos.studentwork.BuildConfig
com.emtvoinos.studentwork.R$color
com.emtvoinos.studentwork.BounceLoadingView:
    public static final java.lang.String TAG
...
com.onesignal.OneSignalStateSynchronizer$1
com.google.firebase.installations.InstallationTokenResult:
    public abstract com.google.firebase.installations.InstallationTokenResult$Builder toBuilder()
kotlin.jvm.internal.PropertyReference1Impl
com.just.agentweb.BaseJsAccessEntrace$1
com.google.firebase.datatransport.R
com.google.android.gms.common.api.internal.zaf
com.google.firebase.internal.DataCollectionConfigStorage:
    public void setEnabled(boolean)
    private static final java.lang.String FIREBASE_APP_PREFS
    public static final java.lang.String DATA_COLLECTION_DEFAULT_ENABLED
androidx.core.text.util.FindAddress
android.support.v4.media.session.MediaControllerCompat$TransportControlsApi23
com.just.agentweb.JsBaseInterfaceHolder
com.google.zxing.oned.EANManufacturerOrgSupport
com.google.android.gms.auth.api.signin.zad
com.google.firebase.datatransport.R$dimen
androidx.annotation.ContentView
androidx.room.IMultiInstanceInvalidationCallback$Stub$Proxy:
    public java.lang.String getInterfaceDescriptor()
androidx.work.impl.model.WorkSpec:
    public void setBackoffDelayDuration(long)
    public void setPeriodic(long)
    public void setPeriodic(long,long)
    public static final long SCHEDULE_NOT_REQUESTED_YET
kotlin.coroutines.jvm.internal.CoroutineStackFrame
kotlin.coroutines.jvm.internal.RestrictedContinuationImpl
com.google.android.gms.common.ProGuardCanary
androidx.slidingpanelayout.R$style
androidx.work.impl.model.WorkTypeConverters$BackoffPolicyIds
kotlin.jvm.internal.TypeReference$asString$args$1
com.facebook.applinks.R$drawable
androidx.media.R$drawable
com.onesignal.NotificationLimitManager:
    void <init>()
    private static final int MAX_NUMBER_OF_NOTIFICATIONS_INT
androidx.appcompat.widget.MenuPopupWindow$MenuDropDownListView:
    public void clearSelection()
    public synthetic bridge int lookForSelectablePosition(int,boolean)
androidx.media.MediaBrowserServiceCompat$MediaBrowserServiceImplApi21$2
androidx.startup.AppInitializer:
    public java.lang.Object initializeComponent(java.lang.Class)
    public boolean isEagerlyInitialized(java.lang.Class)
    private static final java.lang.String SECTION_NAME
com.facebook.login.NativeAppLoginMethodHandler:
    abstract int tryAuthorize(com.facebook.login.LoginClient$Request)
com.facebook.applinks.R$id
kotlin.concurrent.ThreadsKt
androidx.appcompat.widget.ActionMenuView$LayoutParams:
    void <init>(int,int,boolean)
com.facebook.common.R$style:
    private void <init>()
androidx.core.text.util.LinkifyCompat$LinkifyMask
androidx.media.MediaBrowserServiceCompatApi21$ResultWrapper
com.google.android.gms.common.images.ImageManager
com.facebook.share.model.ShareContent:
    protected void <init>(com.facebook.share.model.ShareContent$Builder)
    public java.util.List getPeopleIds()
    public java.lang.String getPlaceId()
    public java.lang.String getPageId()
    public java.lang.String getRef()
androidx.constraintlayout.solver.state.ConstraintReference$IncorrectConstraintException
androidx.appcompat.widget.PopupMenu$OnDismissListener
android.support.v4.media.MediaBrowserCompat$MediaBrowserImplApi21$3
com.google.android.gms.common.internal.GmsClientSupervisor:
    public boolean bindService(java.lang.String,android.content.ServiceConnection,java.lang.String)
    public boolean bindService(android.content.ComponentName,android.content.ServiceConnection,java.lang.String)
    public void unbindService(java.lang.String,android.content.ServiceConnection,java.lang.String)
    public void unbindService(android.content.ComponentName,android.content.ServiceConnection,java.lang.String)
androidx.core.location.LocationManagerCompat$GnssStatusTransport
androidx.core.accessibilityservice.AccessibilityServiceInfoCompat
com.facebook.appevents.AppEventQueue:
    private static final int FLUSH_PERIOD_IN_SECONDS
com.facebook.share.internal.LikeActionController$8
com.google.zxing.LuminanceSource
androidx.media.R$dimen
android.support.v4.media.session.PlaybackStateCompat$Builder